-------------------------------------------------------------------------------
Test set: com.lawauto.backend.auth.AuthControllerIT
-------------------------------------------------------------------------------
Tests run: 2, Failures: 1, Errors: 0, Skipped: 0, Time elapsed: 19.44 s <<< FAILURE! -- in com.lawauto.backend.auth.AuthControllerIT
com.lawauto.backend.auth.AuthControllerIT.shouldLoginSuccessfullyWithValidCredentials -- Time elapsed: 0.054 s <<< FAILURE!
org.opentest4j.AssertionFailedError: 

expected: 200 OK
 but was: 500 INTERNAL_SERVER_ERROR
	at java.base/jdk.internal.reflect.DirectConstructorHandleAccessor.newInstance(DirectConstructorHandleAccessor.java:62)
	at java.base/java.lang.reflect.Constructor.newInstanceWithCaller(Constructor.java:502)
	at com.lawauto.backend.auth.AuthControllerIT.shouldLoginSuccessfullyWithValidCredentials(AuthControllerIT.java:31)
	at java.base/java.lang.reflect.Method.invoke(Method.java:580)
	at java.base/java.util.ArrayList.forEach(ArrayList.java:1596)
	at java.base/java.util.ArrayList.forEach(ArrayList.java:1596)

